2017-05-04T09:56:11.759450Z 0 [Warning] TIMESTAMP with implicit DEFAULT value is deprecated. Please use --explicit_defaults_for_timestamp server option (see documentation for more details).
2017-05-04T09:56:12.011425Z 0 [Warning] InnoDB: New log files created, LSN=45790
2017-05-04T09:56:12.136366Z 0 [Warning] InnoDB: Creating foreign key constraint system tables.
2017-05-04T09:56:12.224968Z 0 [Warning] No existing UUID has been found, so we assume that this is the first time that this server has been started. Generating a new UUID: e7ab16b3-30af-11e7-8a55-0242ac110002.
2017-05-04T09:56:12.229119Z 0 [Warning] Gtid table is not ready to be used. Table 'mysql.gtid_executed' cannot be opened.
2017-05-04T09:56:12.247775Z 1 [Warning] root@localhost is created with an empty password ! Please consider switching off the --initialize-insecure option.
2017-05-04T09:56:15.326477Z 0 [Warning] TIMESTAMP with implicit DEFAULT value is deprecated. Please use --explicit_defaults_for_timestamp server option (see documentation for more details).
2017-05-04T09:56:15.327367Z 0 [Note] mysqld (mysqld 5.7.18) starting as process 4112 ...
2017-05-04T09:56:15.329917Z 0 [Note] InnoDB: PUNCH HOLE support available
2017-05-04T09:56:15.329938Z 0 [Note] InnoDB: Mutexes and rw_locks use GCC atomic builtins
2017-05-04T09:56:15.329942Z 0 [Note] InnoDB: Uses event mutexes
2017-05-04T09:56:15.329945Z 0 [Note] InnoDB: GCC builtin __atomic_thread_fence() is used for memory barrier
2017-05-04T09:56:15.329947Z 0 [Note] InnoDB: Compressed tables use zlib 1.2.3
2017-05-04T09:56:15.329950Z 0 [Note] InnoDB: Using Linux native AIO
2017-05-04T09:56:15.330097Z 0 [Note] InnoDB: Number of pools: 1
2017-05-04T09:56:15.330208Z 0 [Note] InnoDB: Using CPU crc32 instructions
2017-05-04T09:56:15.332988Z 0 [Note] InnoDB: Initializing buffer pool, total size = 128M, instances = 1, chunk size = 128M
2017-05-04T09:56:15.339321Z 0 [Note] InnoDB: Completed initialization of buffer pool
2017-05-04T09:56:15.340441Z 0 [Note] InnoDB: If the mysqld execution user is authorized, page cleaner thread priority can be changed. See the man page of setpriority().
2017-05-04T09:56:15.351813Z 0 [Note] InnoDB: Highest supported file format is Barracuda.
2017-05-04T09:56:15.402459Z 0 [Note] InnoDB: Creating shared tablespace for temporary tables
2017-05-04T09:56:15.402607Z 0 [Note] InnoDB: Setting file './ibtmp1' size to 12 MB. Physically writing the file full; Please wait ...
2017-05-04T09:56:15.440469Z 0 [Note] InnoDB: File './ibtmp1' size is now 12 MB.
2017-05-04T09:56:15.441219Z 0 [Note] InnoDB: 96 redo rollback segment(s) found. 96 redo rollback segment(s) are active.
2017-05-04T09:56:15.441233Z 0 [Note] InnoDB: 32 non-redo rollback segment(s) are active.
2017-05-04T09:56:15.441606Z 0 [Note] InnoDB: Waiting for purge to start
2017-05-04T09:56:15.492087Z 0 [Note] InnoDB: 5.7.18 started; log sequence number 2535558
2017-05-04T09:56:15.492887Z 0 [Note] Plugin 'FEDERATED' is disabled.
2017-05-04T09:56:15.497613Z 0 [Note] InnoDB: Loading buffer pool(s) from /var/lib/mysql/ib_buffer_pool
2017-05-04T09:56:15.500690Z 0 [Note] InnoDB: Buffer pool(s) load completed at 170504  9:56:15
2017-05-04T09:56:15.505496Z 0 [Warning] Failed to set up SSL because of the following SSL library error: SSL context is not usable without certificate and private key
2017-05-04T09:56:15.506019Z 0 [Note] Server hostname (bind-address): '127.0.0.1'; port: 3306
2017-05-04T09:56:15.506064Z 0 [Note]   - '127.0.0.1' resolves to '127.0.0.1';
2017-05-04T09:56:15.506117Z 0 [Note] Server socket created on IP: '127.0.0.1'.
2017-05-04T09:56:15.534707Z 0 [Note] Event Scheduler: Loaded 0 events
2017-05-04T09:56:15.534922Z 0 [Note] Execution of init_file '/var/lib/mysql-files/L8Wr7Is2KQ' started.
2017-05-04T09:56:15.535778Z 0 [Note] Execution of init_file '/var/lib/mysql-files/L8Wr7Is2KQ' ended.
2017-05-04T09:56:15.535839Z 0 [Note] mysqld: ready for connections.
Version: '5.7.18'  socket: '/tmp/tmp.KczMf8kg3S/mysqld.sock'  port: 3306  MySQL Community Server (GPL)
2017-05-04T09:56:15.535849Z 0 [Note] Executing 'SELECT * FROM INFORMATION_SCHEMA.TABLES;' to get a list of tables using the deprecated partition engine. You may use the startup option '--disable-partition-engine-check' to skip this check. 
2017-05-04T09:56:15.535861Z 0 [Note] Beginning of list of non-natively partitioned tables
2017-05-04T09:56:15.536187Z 0 [Note] Giving 0 client threads a chance to die gracefully
2017-05-04T09:56:15.536203Z 0 [Note] Shutting down slave threads
2017-05-04T09:56:15.536207Z 0 [Note] Forcefully disconnecting 0 remaining clients
2017-05-04T09:56:15.536212Z 0 [Note] Event Scheduler: Purging the queue. 0 events
2017-05-04T09:56:15.546445Z 0 [Note] End of list of non-natively partitioned tables
2017-05-04T09:56:15.546582Z 0 [Note] Binlog end
2017-05-04T09:56:15.547247Z 0 [Note] Shutting down plugin 'ngram'
2017-05-04T09:56:15.547259Z 0 [Note] Shutting down plugin 'partition'
2017-05-04T09:56:15.547263Z 0 [Note] Shutting down plugin 'ARCHIVE'
2017-05-04T09:56:15.547266Z 0 [Note] Shutting down plugin 'BLACKHOLE'
2017-05-04T09:56:15.547270Z 0 [Note] Shutting down plugin 'PERFORMANCE_SCHEMA'
2017-05-04T09:56:15.547293Z 0 [Note] Shutting down plugin 'CSV'
2017-05-04T09:56:15.547297Z 0 [Note] Shutting down plugin 'MyISAM'
2017-05-04T09:56:15.547307Z 0 [Note] Shutting down plugin 'MRG_MYISAM'
2017-05-04T09:56:15.547311Z 0 [Note] Shutting down plugin 'MEMORY'
2017-05-04T09:56:15.547314Z 0 [Note] Shutting down plugin 'INNODB_SYS_VIRTUAL'
2017-05-04T09:56:15.547318Z 0 [Note] Shutting down plugin 'INNODB_SYS_DATAFILES'
2017-05-04T09:56:15.547321Z 0 [Note] Shutting down plugin 'INNODB_SYS_TABLESPACES'
2017-05-04T09:56:15.547324Z 0 [Note] Shutting down plugin 'INNODB_SYS_FOREIGN_COLS'
2017-05-04T09:56:15.547327Z 0 [Note] Shutting down plugin 'INNODB_SYS_FOREIGN'
2017-05-04T09:56:15.547330Z 0 [Note] Shutting down plugin 'INNODB_SYS_FIELDS'
2017-05-04T09:56:15.547333Z 0 [Note] Shutting down plugin 'INNODB_SYS_COLUMNS'
2017-05-04T09:56:15.547336Z 0 [Note] Shutting down plugin 'INNODB_SYS_INDEXES'
2017-05-04T09:56:15.547339Z 0 [Note] Shutting down plugin 'INNODB_SYS_TABLESTATS'
2017-05-04T09:56:15.547342Z 0 [Note] Shutting down plugin 'INNODB_SYS_TABLES'
2017-05-04T09:56:15.547345Z 0 [Note] Shutting down plugin 'INNODB_FT_INDEX_TABLE'
2017-05-04T09:56:15.547348Z 0 [Note] Shutting down plugin 'INNODB_FT_INDEX_CACHE'
2017-05-04T09:56:15.547351Z 0 [Note] Shutting down plugin 'INNODB_FT_CONFIG'
2017-05-04T09:56:15.547354Z 0 [Note] Shutting down plugin 'INNODB_FT_BEING_DELETED'
2017-05-04T09:56:15.547357Z 0 [Note] Shutting down plugin 'INNODB_FT_DELETED'
2017-05-04T09:56:15.547360Z 0 [Note] Shutting down plugin 'INNODB_FT_DEFAULT_STOPWORD'
2017-05-04T09:56:15.547363Z 0 [Note] Shutting down plugin 'INNODB_METRICS'
2017-05-04T09:56:15.547366Z 0 [Note] Shutting down plugin 'INNODB_TEMP_TABLE_INFO'
2017-05-04T09:56:15.547369Z 0 [Note] Shutting down plugin 'INNODB_BUFFER_POOL_STATS'
2017-05-04T09:56:15.547372Z 0 [Note] Shutting down plugin 'INNODB_BUFFER_PAGE_LRU'
2017-05-04T09:56:15.547375Z 0 [Note] Shutting down plugin 'INNODB_BUFFER_PAGE'
2017-05-04T09:56:15.547378Z 0 [Note] Shutting down plugin 'INNODB_CMP_PER_INDEX_RESET'
2017-05-04T09:56:15.547381Z 0 [Note] Shutting down plugin 'INNODB_CMP_PER_INDEX'
2017-05-04T09:56:15.547384Z 0 [Note] Shutting down plugin 'INNODB_CMPMEM_RESET'
2017-05-04T09:56:15.547387Z 0 [Note] Shutting down plugin 'INNODB_CMPMEM'
2017-05-04T09:56:15.547390Z 0 [Note] Shutting down plugin 'INNODB_CMP_RESET'
2017-05-04T09:56:15.547393Z 0 [Note] Shutting down plugin 'INNODB_CMP'
2017-05-04T09:56:15.547395Z 0 [Note] Shutting down plugin 'INNODB_LOCK_WAITS'
2017-05-04T09:56:15.547398Z 0 [Note] Shutting down plugin 'INNODB_LOCKS'
2017-05-04T09:56:15.547401Z 0 [Note] Shutting down plugin 'INNODB_TRX'
2017-05-04T09:56:15.547404Z 0 [Note] Shutting down plugin 'InnoDB'
2017-05-04T09:56:15.547486Z 0 [Note] InnoDB: FTS optimize thread exiting.
2017-05-04T09:56:15.547574Z 0 [Note] InnoDB: Starting shutdown...
2017-05-04T09:56:15.648289Z 0 [Note] InnoDB: Dumping buffer pool(s) to /var/lib/mysql/ib_buffer_pool
2017-05-04T09:56:15.648730Z 0 [Note] InnoDB: Buffer pool(s) dump completed at 170504  9:56:15
2017-05-04T09:56:17.070565Z 0 [Note] InnoDB: Shutdown completed; log sequence number 2535577
2017-05-04T09:56:17.074735Z 0 [Note] InnoDB: Removed temporary tablespace data file: "ibtmp1"
2017-05-04T09:56:17.074774Z 0 [Note] Shutting down plugin 'sha256_password'
2017-05-04T09:56:17.074784Z 0 [Note] Shutting down plugin 'mysql_native_password'
2017-05-04T09:56:17.075121Z 0 [Note] Shutting down plugin 'binlog'
2017-05-04T09:56:17.076079Z 0 [Note] mysqld: Shutdown complete

2017-05-04T09:56:35.731063Z mysqld_safe Logging to '/var/log/mysql/error.log'.
2017-05-04T09:56:35.740360Z mysqld_safe Starting mysqld daemon with databases from /var/lib/mysql
2017-05-04T09:56:35.886821Z 0 [Warning] TIMESTAMP with implicit DEFAULT value is deprecated. Please use --explicit_defaults_for_timestamp server option (see documentation for more details).
2017-05-04T09:56:35.887712Z 0 [Note] /usr/sbin/mysqld (mysqld 5.7.18) starting as process 4424 ...
2017-05-04T09:56:35.889955Z 0 [Note] InnoDB: PUNCH HOLE support available
2017-05-04T09:56:35.889976Z 0 [Note] InnoDB: Mutexes and rw_locks use GCC atomic builtins
2017-05-04T09:56:35.889979Z 0 [Note] InnoDB: Uses event mutexes
2017-05-04T09:56:35.889982Z 0 [Note] InnoDB: GCC builtin __atomic_thread_fence() is used for memory barrier
2017-05-04T09:56:35.889985Z 0 [Note] InnoDB: Compressed tables use zlib 1.2.3
2017-05-04T09:56:35.889987Z 0 [Note] InnoDB: Using Linux native AIO
2017-05-04T09:56:35.890138Z 0 [Note] InnoDB: Number of pools: 1
2017-05-04T09:56:35.890211Z 0 [Note] InnoDB: Using CPU crc32 instructions
2017-05-04T09:56:35.891125Z 0 [Note] InnoDB: Initializing buffer pool, total size = 128M, instances = 1, chunk size = 128M
2017-05-04T09:56:35.896433Z 0 [Note] InnoDB: Completed initialization of buffer pool
2017-05-04T09:56:35.897564Z 0 [Note] InnoDB: If the mysqld execution user is authorized, page cleaner thread priority can be changed. See the man page of setpriority().
2017-05-04T09:56:35.908740Z 0 [Note] InnoDB: Highest supported file format is Barracuda.
2017-05-04T09:56:36.292453Z 0 [Note] InnoDB: Creating shared tablespace for temporary tables
2017-05-04T09:56:36.292611Z 0 [Note] InnoDB: Setting file './ibtmp1' size to 12 MB. Physically writing the file full; Please wait ...
2017-05-04T09:56:36.351289Z 0 [Note] InnoDB: File './ibtmp1' size is now 12 MB.
2017-05-04T09:56:36.352177Z 0 [Note] InnoDB: 96 redo rollback segment(s) found. 96 redo rollback segment(s) are active.
2017-05-04T09:56:36.352198Z 0 [Note] InnoDB: 32 non-redo rollback segment(s) are active.
2017-05-04T09:56:36.352718Z 0 [Note] InnoDB: Waiting for purge to start
2017-05-04T09:56:36.403219Z 0 [Note] InnoDB: 5.7.18 started; log sequence number 2535577
2017-05-04T09:56:36.404054Z 0 [Note] Plugin 'FEDERATED' is disabled.
2017-05-04T09:56:36.409722Z 0 [Note] InnoDB: Loading buffer pool(s) from /var/lib/mysql/ib_buffer_pool
2017-05-04T09:56:36.413503Z 0 [Note] InnoDB: Buffer pool(s) load completed at 170504  9:56:36
2017-05-04T09:56:36.416721Z 0 [Note] Found ca.pem, server-cert.pem and server-key.pem in data directory. Trying to enable SSL support using them.
2017-05-04T09:56:36.417153Z 0 [Warning] CA certificate ca.pem is self signed.
2017-05-04T09:56:36.421864Z 0 [Note] Server hostname (bind-address): '127.0.0.1'; port: 3306
2017-05-04T09:56:36.421912Z 0 [Note]   - '127.0.0.1' resolves to '127.0.0.1';
2017-05-04T09:56:36.421968Z 0 [Note] Server socket created on IP: '127.0.0.1'.
2017-05-04T09:56:36.444754Z 0 [Note] Event Scheduler: Loaded 0 events
2017-05-04T09:56:36.444918Z 0 [Note] /usr/sbin/mysqld: ready for connections.
Version: '5.7.18'  socket: '/var/run/mysqld/mysqld.sock'  port: 3306  MySQL Community Server (GPL)
2017-05-04T09:56:36.444929Z 0 [Note] Executing 'SELECT * FROM INFORMATION_SCHEMA.TABLES;' to get a list of tables using the deprecated partition engine. You may use the startup option '--disable-partition-engine-check' to skip this check. 
2017-05-04T09:56:36.444932Z 0 [Note] Beginning of list of non-natively partitioned tables
2017-05-04T09:56:36.455714Z 0 [Note] End of list of non-natively partitioned tables
2017-05-04T09:56:38.120547Z 3 [Note] Access denied for user 'root'@'localhost' (using password: NO)
2017-05-04T09:57:02.850338Z 0 [Note] Giving 0 client threads a chance to die gracefully
2017-05-04T09:57:02.850355Z 0 [Note] Shutting down slave threads
2017-05-04T09:57:02.850359Z 0 [Note] Forcefully disconnecting 0 remaining clients
2017-05-04T09:57:02.850363Z 0 [Note] Event Scheduler: Purging the queue. 0 events
2017-05-04T09:57:02.850387Z 0 [Note] Binlog end
2017-05-04T09:57:02.850858Z 0 [Note] Shutting down plugin 'ngram'
2017-05-04T09:57:02.850864Z 0 [Note] Shutting down plugin 'partition'
2017-05-04T09:57:02.850867Z 0 [Note] Shutting down plugin 'ARCHIVE'
2017-05-04T09:57:02.850869Z 0 [Note] Shutting down plugin 'BLACKHOLE'
2017-05-04T09:57:02.850872Z 0 [Note] Shutting down plugin 'PERFORMANCE_SCHEMA'
2017-05-04T09:57:02.850889Z 0 [Note] Shutting down plugin 'CSV'
2017-05-04T09:57:02.850892Z 0 [Note] Shutting down plugin 'MyISAM'
2017-05-04T09:57:02.850898Z 0 [Note] Shutting down plugin 'MRG_MYISAM'
2017-05-04T09:57:02.850901Z 0 [Note] Shutting down plugin 'MEMORY'
2017-05-04T09:57:02.850903Z 0 [Note] Shutting down plugin 'INNODB_SYS_VIRTUAL'
2017-05-04T09:57:02.850906Z 0 [Note] Shutting down plugin 'INNODB_SYS_DATAFILES'
2017-05-04T09:57:02.850908Z 0 [Note] Shutting down plugin 'INNODB_SYS_TABLESPACES'
2017-05-04T09:57:02.850910Z 0 [Note] Shutting down plugin 'INNODB_SYS_FOREIGN_COLS'
2017-05-04T09:57:02.850912Z 0 [Note] Shutting down plugin 'INNODB_SYS_FOREIGN'
2017-05-04T09:57:02.850914Z 0 [Note] Shutting down plugin 'INNODB_SYS_FIELDS'
2017-05-04T09:57:02.850916Z 0 [Note] Shutting down plugin 'INNODB_SYS_COLUMNS'
2017-05-04T09:57:02.850918Z 0 [Note] Shutting down plugin 'INNODB_SYS_INDEXES'
2017-05-04T09:57:02.850920Z 0 [Note] Shutting down plugin 'INNODB_SYS_TABLESTATS'
2017-05-04T09:57:02.850922Z 0 [Note] Shutting down plugin 'INNODB_SYS_TABLES'
2017-05-04T09:57:02.850924Z 0 [Note] Shutting down plugin 'INNODB_FT_INDEX_TABLE'
2017-05-04T09:57:02.850926Z 0 [Note] Shutting down plugin 'INNODB_FT_INDEX_CACHE'
2017-05-04T09:57:02.850928Z 0 [Note] Shutting down plugin 'INNODB_FT_CONFIG'
2017-05-04T09:57:02.850930Z 0 [Note] Shutting down plugin 'INNODB_FT_BEING_DELETED'
2017-05-04T09:57:02.850932Z 0 [Note] Shutting down plugin 'INNODB_FT_DELETED'
2017-05-04T09:57:02.850934Z 0 [Note] Shutting down plugin 'INNODB_FT_DEFAULT_STOPWORD'
2017-05-04T09:57:02.850935Z 0 [Note] Shutting down plugin 'INNODB_METRICS'
2017-05-04T09:57:02.850937Z 0 [Note] Shutting down plugin 'INNODB_TEMP_TABLE_INFO'
2017-05-04T09:57:02.850939Z 0 [Note] Shutting down plugin 'INNODB_BUFFER_POOL_STATS'
2017-05-04T09:57:02.850941Z 0 [Note] Shutting down plugin 'INNODB_BUFFER_PAGE_LRU'
2017-05-04T09:57:02.850943Z 0 [Note] Shutting down plugin 'INNODB_BUFFER_PAGE'
2017-05-04T09:57:02.850945Z 0 [Note] Shutting down plugin 'INNODB_CMP_PER_INDEX_RESET'
2017-05-04T09:57:02.850947Z 0 [Note] Shutting down plugin 'INNODB_CMP_PER_INDEX'
2017-05-04T09:57:02.850949Z 0 [Note] Shutting down plugin 'INNODB_CMPMEM_RESET'
2017-05-04T09:57:02.850951Z 0 [Note] Shutting down plugin 'INNODB_CMPMEM'
2017-05-04T09:57:02.850953Z 0 [Note] Shutting down plugin 'INNODB_CMP_RESET'
2017-05-04T09:57:02.850955Z 0 [Note] Shutting down plugin 'INNODB_CMP'
2017-05-04T09:57:02.850957Z 0 [Note] Shutting down plugin 'INNODB_LOCK_WAITS'
2017-05-04T09:57:02.850959Z 0 [Note] Shutting down plugin 'INNODB_LOCKS'
2017-05-04T09:57:02.850961Z 0 [Note] Shutting down plugin 'INNODB_TRX'
2017-05-04T09:57:02.850963Z 0 [Note] Shutting down plugin 'InnoDB'
2017-05-04T09:57:02.851003Z 0 [Note] InnoDB: FTS optimize thread exiting.
2017-05-04T09:57:02.851056Z 0 [Note] InnoDB: Starting shutdown...
2017-05-04T09:57:02.952324Z 0 [Note] InnoDB: Dumping buffer pool(s) to /var/lib/mysql/ib_buffer_pool
2017-05-04T09:57:02.952790Z 0 [Note] InnoDB: Buffer pool(s) dump completed at 170504  9:57:02
2017-05-04T09:57:04.276900Z 0 [Note] InnoDB: Shutdown completed; log sequence number 2535605
2017-05-04T09:57:04.281243Z 0 [Note] InnoDB: Removed temporary tablespace data file: "ibtmp1"
2017-05-04T09:57:04.281309Z 0 [Note] Shutting down plugin 'sha256_password'
2017-05-04T09:57:04.281320Z 0 [Note] Shutting down plugin 'mysql_native_password'
2017-05-04T09:57:04.281845Z 0 [Note] Shutting down plugin 'binlog'
2017-05-04T09:57:04.282579Z 0 [Note] /usr/sbin/mysqld: Shutdown complete

2017-05-04T09:57:04.317383Z mysqld_safe mysqld from pid file /var/run/mysqld/mysqld.pid ended
2017-05-04T09:57:05.060530Z mysqld_safe Logging to '/var/log/mysql/error.log'.
2017-05-04T09:57:05.070279Z mysqld_safe Starting mysqld daemon with databases from /var/lib/mysql
2017-05-04T09:57:05.221135Z 0 [Warning] TIMESTAMP with implicit DEFAULT value is deprecated. Please use --explicit_defaults_for_timestamp server option (see documentation for more details).
2017-05-04T09:57:05.221843Z 0 [Note] /usr/sbin/mysqld (mysqld 5.7.18) starting as process 4810 ...
2017-05-04T09:57:05.224107Z 0 [Note] InnoDB: PUNCH HOLE support available
2017-05-04T09:57:05.224124Z 0 [Note] InnoDB: Mutexes and rw_locks use GCC atomic builtins
2017-05-04T09:57:05.224128Z 0 [Note] InnoDB: Uses event mutexes
2017-05-04T09:57:05.224131Z 0 [Note] InnoDB: GCC builtin __atomic_thread_fence() is used for memory barrier
2017-05-04T09:57:05.224133Z 0 [Note] InnoDB: Compressed tables use zlib 1.2.3
2017-05-04T09:57:05.224136Z 0 [Note] InnoDB: Using Linux native AIO
2017-05-04T09:57:05.224289Z 0 [Note] InnoDB: Number of pools: 1
2017-05-04T09:57:05.224361Z 0 [Note] InnoDB: Using CPU crc32 instructions
2017-05-04T09:57:05.225293Z 0 [Note] InnoDB: Initializing buffer pool, total size = 128M, instances = 1, chunk size = 128M
2017-05-04T09:57:05.230750Z 0 [Note] InnoDB: Completed initialization of buffer pool
2017-05-04T09:57:05.231901Z 0 [Note] InnoDB: If the mysqld execution user is authorized, page cleaner thread priority can be changed. See the man page of setpriority().
2017-05-04T09:57:05.243285Z 0 [Note] InnoDB: Highest supported file format is Barracuda.
2017-05-04T09:57:05.249554Z 0 [Note] InnoDB: Creating shared tablespace for temporary tables
2017-05-04T09:57:05.249606Z 0 [Note] InnoDB: Setting file './ibtmp1' size to 12 MB. Physically writing the file full; Please wait ...
2017-05-04T09:57:05.275786Z 0 [Note] InnoDB: File './ibtmp1' size is now 12 MB.
2017-05-04T09:57:05.276405Z 0 [Note] InnoDB: 96 redo rollback segment(s) found. 96 redo rollback segment(s) are active.
2017-05-04T09:57:05.276415Z 0 [Note] InnoDB: 32 non-redo rollback segment(s) are active.
2017-05-04T09:57:05.276771Z 0 [Note] InnoDB: Waiting for purge to start
2017-05-04T09:57:05.327266Z 0 [Note] InnoDB: 5.7.18 started; log sequence number 2535605
2017-05-04T09:57:05.327841Z 0 [Note] Plugin 'FEDERATED' is disabled.
2017-05-04T09:57:05.333797Z 0 [Note] InnoDB: Loading buffer pool(s) from /var/lib/mysql/ib_buffer_pool
2017-05-04T09:57:05.336473Z 0 [Note] InnoDB: Buffer pool(s) load completed at 170504  9:57:05
2017-05-04T09:57:05.338575Z 0 [Note] Found ca.pem, server-cert.pem and server-key.pem in data directory. Trying to enable SSL support using them.
2017-05-04T09:57:05.339023Z 0 [Warning] CA certificate ca.pem is self signed.
2017-05-04T09:57:05.343080Z 0 [Note] Server hostname (bind-address): '127.0.0.1'; port: 3306
2017-05-04T09:57:05.343124Z 0 [Note]   - '127.0.0.1' resolves to '127.0.0.1';
2017-05-04T09:57:05.343178Z 0 [Note] Server socket created on IP: '127.0.0.1'.
2017-05-04T09:57:05.364401Z 0 [Note] Event Scheduler: Loaded 0 events
2017-05-04T09:57:05.364549Z 0 [Note] /usr/sbin/mysqld: ready for connections.
Version: '5.7.18'  socket: '/var/run/mysqld/mysqld.sock'  port: 3306  MySQL Community Server (GPL)
2017-05-04T09:57:05.364558Z 0 [Note] Executing 'SELECT * FROM INFORMATION_SCHEMA.TABLES;' to get a list of tables using the deprecated partition engine. You may use the startup option '--disable-partition-engine-check' to skip this check. 
2017-05-04T09:57:05.364561Z 0 [Note] Beginning of list of non-natively partitioned tables
2017-05-04T09:57:05.374236Z 0 [Note] End of list of non-natively partitioned tables
2017-05-04T09:57:39.500908Z 0 [Note] Giving 0 client threads a chance to die gracefully
2017-05-04T09:57:39.500929Z 0 [Note] Shutting down slave threads
2017-05-04T09:57:39.500933Z 0 [Note] Forcefully disconnecting 0 remaining clients
2017-05-04T09:57:39.500937Z 0 [Note] Event Scheduler: Purging the queue. 0 events
2017-05-04T09:57:39.500962Z 0 [Note] Binlog end
2017-05-04T09:57:39.511554Z 0 [Note] Shutting down plugin 'ngram'
2017-05-04T09:57:39.511570Z 0 [Note] Shutting down plugin 'partition'
2017-05-04T09:57:39.511573Z 0 [Note] Shutting down plugin 'ARCHIVE'
2017-05-04T09:57:39.511575Z 0 [Note] Shutting down plugin 'BLACKHOLE'
2017-05-04T09:57:39.511577Z 0 [Note] Shutting down plugin 'PERFORMANCE_SCHEMA'
2017-05-04T09:57:39.511595Z 0 [Note] Shutting down plugin 'CSV'
2017-05-04T09:57:39.511598Z 0 [Note] Shutting down plugin 'MyISAM'
2017-05-04T09:57:39.511606Z 0 [Note] Shutting down plugin 'MRG_MYISAM'
2017-05-04T09:57:39.511609Z 0 [Note] Shutting down plugin 'MEMORY'
2017-05-04T09:57:39.511611Z 0 [Note] Shutting down plugin 'INNODB_SYS_VIRTUAL'
2017-05-04T09:57:39.511613Z 0 [Note] Shutting down plugin 'INNODB_SYS_DATAFILES'
2017-05-04T09:57:39.511615Z 0 [Note] Shutting down plugin 'INNODB_SYS_TABLESPACES'
2017-05-04T09:57:39.511617Z 0 [Note] Shutting down plugin 'INNODB_SYS_FOREIGN_COLS'
2017-05-04T09:57:39.511619Z 0 [Note] Shutting down plugin 'INNODB_SYS_FOREIGN'
2017-05-04T09:57:39.511621Z 0 [Note] Shutting down plugin 'INNODB_SYS_FIELDS'
2017-05-04T09:57:39.511622Z 0 [Note] Shutting down plugin 'INNODB_SYS_COLUMNS'
2017-05-04T09:57:39.511624Z 0 [Note] Shutting down plugin 'INNODB_SYS_INDEXES'
2017-05-04T09:57:39.511626Z 0 [Note] Shutting down plugin 'INNODB_SYS_TABLESTATS'
2017-05-04T09:57:39.511628Z 0 [Note] Shutting down plugin 'INNODB_SYS_TABLES'
2017-05-04T09:57:39.511630Z 0 [Note] Shutting down plugin 'INNODB_FT_INDEX_TABLE'
2017-05-04T09:57:39.511632Z 0 [Note] Shutting down plugin 'INNODB_FT_INDEX_CACHE'
2017-05-04T09:57:39.511634Z 0 [Note] Shutting down plugin 'INNODB_FT_CONFIG'
2017-05-04T09:57:39.511635Z 0 [Note] Shutting down plugin 'INNODB_FT_BEING_DELETED'
2017-05-04T09:57:39.511637Z 0 [Note] Shutting down plugin 'INNODB_FT_DELETED'
2017-05-04T09:57:39.511639Z 0 [Note] Shutting down plugin 'INNODB_FT_DEFAULT_STOPWORD'
2017-05-04T09:57:39.511641Z 0 [Note] Shutting down plugin 'INNODB_METRICS'
2017-05-04T09:57:39.511643Z 0 [Note] Shutting down plugin 'INNODB_TEMP_TABLE_INFO'
2017-05-04T09:57:39.511645Z 0 [Note] Shutting down plugin 'INNODB_BUFFER_POOL_STATS'
2017-05-04T09:57:39.511647Z 0 [Note] Shutting down plugin 'INNODB_BUFFER_PAGE_LRU'
2017-05-04T09:57:39.511648Z 0 [Note] Shutting down plugin 'INNODB_BUFFER_PAGE'
2017-05-04T09:57:39.511650Z 0 [Note] Shutting down plugin 'INNODB_CMP_PER_INDEX_RESET'
2017-05-04T09:57:39.511652Z 0 [Note] Shutting down plugin 'INNODB_CMP_PER_INDEX'
2017-05-04T09:57:39.511654Z 0 [Note] Shutting down plugin 'INNODB_CMPMEM_RESET'
2017-05-04T09:57:39.511656Z 0 [Note] Shutting down plugin 'INNODB_CMPMEM'
2017-05-04T09:57:39.511658Z 0 [Note] Shutting down plugin 'INNODB_CMP_RESET'
2017-05-04T09:57:39.511660Z 0 [Note] Shutting down plugin 'INNODB_CMP'
2017-05-04T09:57:39.511661Z 0 [Note] Shutting down plugin 'INNODB_LOCK_WAITS'
2017-05-04T09:57:39.511663Z 0 [Note] Shutting down plugin 'INNODB_LOCKS'
2017-05-04T09:57:39.511665Z 0 [Note] Shutting down plugin 'INNODB_TRX'
2017-05-04T09:57:39.511667Z 0 [Note] Shutting down plugin 'InnoDB'
2017-05-04T09:57:39.511716Z 0 [Note] InnoDB: FTS optimize thread exiting.
2017-05-04T09:57:39.511790Z 0 [Note] InnoDB: Starting shutdown...
2017-05-04T09:57:39.612770Z 0 [Note] InnoDB: Dumping buffer pool(s) to /var/lib/mysql/ib_buffer_pool
2017-05-04T09:57:39.613251Z 0 [Note] InnoDB: Buffer pool(s) dump completed at 170504  9:57:39
2017-05-04T09:57:41.139439Z 0 [Note] InnoDB: Shutdown completed; log sequence number 2535633
2017-05-04T09:57:41.143760Z 0 [Note] InnoDB: Removed temporary tablespace data file: "ibtmp1"
2017-05-04T09:57:41.143801Z 0 [Note] Shutting down plugin 'sha256_password'
2017-05-04T09:57:41.143812Z 0 [Note] Shutting down plugin 'mysql_native_password'
2017-05-04T09:57:41.144214Z 0 [Note] Shutting down plugin 'binlog'
2017-05-04T09:57:41.144918Z 0 [Note] /usr/sbin/mysqld: Shutdown complete

2017-05-04T09:57:41.176585Z mysqld_safe mysqld from pid file /var/run/mysqld/mysqld.pid ended
2017-05-04T09:57:41.757791Z mysqld_safe Logging to '/var/log/mysql/error.log'.
2017-05-04T09:57:41.767222Z mysqld_safe Starting mysqld daemon with databases from /var/lib/mysql
2017-05-04T09:57:41.925968Z 0 [Warning] TIMESTAMP with implicit DEFAULT value is deprecated. Please use --explicit_defaults_for_timestamp server option (see documentation for more details).
2017-05-04T09:57:41.926869Z 0 [Note] /usr/sbin/mysqld (mysqld 5.7.18-log) starting as process 5342 ...
2017-05-04T09:57:41.928244Z 0 [Warning] No argument was provided to --log-bin, and --log-bin-index was not used; so replication may break when this MySQL server acts as a master and has his hostname changed!! Please use '--log-bin=ubuntu-bin' to avoid this problem.
2017-05-04T09:57:41.932148Z 0 [Note] InnoDB: PUNCH HOLE support available
2017-05-04T09:57:41.932173Z 0 [Note] InnoDB: Mutexes and rw_locks use GCC atomic builtins
2017-05-04T09:57:41.932178Z 0 [Note] InnoDB: Uses event mutexes
2017-05-04T09:57:41.932182Z 0 [Note] InnoDB: GCC builtin __atomic_thread_fence() is used for memory barrier
2017-05-04T09:57:41.932185Z 0 [Note] InnoDB: Compressed tables use zlib 1.2.3
2017-05-04T09:57:41.932188Z 0 [Note] InnoDB: Using Linux native AIO
2017-05-04T09:57:41.932370Z 0 [Note] InnoDB: Number of pools: 1
2017-05-04T09:57:41.932442Z 0 [Note] InnoDB: Using CPU crc32 instructions
2017-05-04T09:57:41.933367Z 0 [Note] InnoDB: Initializing buffer pool, total size = 128M, instances = 1, chunk size = 128M
2017-05-04T09:57:41.938910Z 0 [Note] InnoDB: Completed initialization of buffer pool
2017-05-04T09:57:41.940077Z 0 [Note] InnoDB: If the mysqld execution user is authorized, page cleaner thread priority can be changed. See the man page of setpriority().
2017-05-04T09:57:41.951475Z 0 [Note] InnoDB: Highest supported file format is Barracuda.
2017-05-04T09:57:41.957273Z 0 [Note] InnoDB: Creating shared tablespace for temporary tables
2017-05-04T09:57:41.957325Z 0 [Note] InnoDB: Setting file './ibtmp1' size to 12 MB. Physically writing the file full; Please wait ...
2017-05-04T09:57:41.979885Z 0 [Note] InnoDB: File './ibtmp1' size is now 12 MB.
2017-05-04T09:57:41.980532Z 0 [Note] InnoDB: 96 redo rollback segment(s) found. 96 redo rollback segment(s) are active.
2017-05-04T09:57:41.980543Z 0 [Note] InnoDB: 32 non-redo rollback segment(s) are active.
2017-05-04T09:57:41.980869Z 0 [Note] InnoDB: Waiting for purge to start
2017-05-04T09:57:42.031501Z 0 [Note] InnoDB: 5.7.18 started; log sequence number 2535633
2017-05-04T09:57:42.032764Z 0 [Note] Plugin 'FEDERATED' is disabled.
2017-05-04T09:57:42.037888Z 0 [Note] InnoDB: Loading buffer pool(s) from /var/lib/mysql/ib_buffer_pool
2017-05-04T09:57:42.041105Z 0 [Note] InnoDB: Buffer pool(s) load completed at 170504  9:57:42
2017-05-04T09:57:42.059597Z 0 [Note] Found ca.pem, server-cert.pem and server-key.pem in data directory. Trying to enable SSL support using them.
2017-05-04T09:57:42.059867Z 0 [Warning] CA certificate ca.pem is self signed.
2017-05-04T09:57:42.062437Z 0 [Note] Server hostname (bind-address): '*'; port: 3306
2017-05-04T09:57:42.062483Z 0 [Note] IPv6 is available.
2017-05-04T09:57:42.062495Z 0 [Note]   - '::' resolves to '::';
2017-05-04T09:57:42.062519Z 0 [Note] Server socket created on IP: '::'.
2017-05-04T09:57:42.085417Z 0 [Note] Event Scheduler: Loaded 0 events
2017-05-04T09:57:42.085546Z 0 [Note] /usr/sbin/mysqld: ready for connections.
Version: '5.7.18-log'  socket: '/var/run/mysqld/mysqld.sock'  port: 3306  MySQL Community Server (GPL)
2017-05-04T09:57:42.085554Z 0 [Note] Executing 'SELECT * FROM INFORMATION_SCHEMA.TABLES;' to get a list of tables using the deprecated partition engine. You may use the startup option '--disable-partition-engine-check' to skip this check. 
2017-05-04T09:57:42.085556Z 0 [Note] Beginning of list of non-natively partitioned tables
2017-05-04T09:57:42.091931Z 0 [Note] End of list of non-natively partitioned tables
2017-05-04T09:58:24.499259Z 6 [ERROR] Plugin group_replication reported: 'The group name option is mandatory'
2017-05-04T09:58:24.499275Z 6 [ERROR] Plugin group_replication reported: 'Unable to start Group Replication on boot'
2017-05-04T09:58:24.507587Z 6 [Warning] Neither --relay-log nor --relay-log-index were used; so replication may break when this MySQL server acts as a slave and has his hostname changed!! Please use '--relay-log=ubuntu-relay-bin' to avoid this problem.
2017-05-04T09:58:24.514103Z 6 [Note] 'CHANGE MASTER TO FOR CHANNEL 'group_replication_recovery' executed'. Previous state master_host='', master_port= 3306, master_log_file='', master_log_pos= 4, master_bind=''. New state master_host='', master_port= 3306, master_log_file='', master_log_pos= 4, master_bind=''.
2017-05-04T09:58:24.524027Z 6 [Note] Plugin group_replication reported: 'Group communication SSL configuration: group_replication_ssl_mode: "REQUIRED"; server_key_file: "server-key.pem"; server_cert_file: "server-cert.pem"; client_key_file: "server-key.pem"; client_cert_file: "server-cert.pem"; ca_file: "ca.pem"; ca_path: ""; cipher: ""; tls_version: "TLSv1,TLSv1.1"; crl_file: ""; crl_path: ""'
2017-05-04T09:58:24.524104Z 6 [Note] Plugin group_replication reported: '[GCS] Added automatically IP ranges 127.0.0.1/8 to the whitelist'
2017-05-04T09:58:24.524205Z 0 [Note] Plugin group_replication reported: 'Configuring SSL for the server'
2017-05-04T09:58:24.524224Z 0 [Note] Plugin group_replication reported: 'Initializing SSL with key_file: 'server-key.pem'  cert_file: 'server-cert.pem'  ca_file: 'ca.pem'  ca_path: 'NULL''
2017-05-04T09:58:24.524230Z 0 [Note] Plugin group_replication reported: 'Additional SSL configuration is cipher: '' crl_file: 'NULL' crl_path: 'NULL''
2017-05-04T09:58:24.524317Z 0 [Note] Plugin group_replication reported: 'Success initializing SSL'
2017-05-04T09:58:24.524322Z 0 [Note] Plugin group_replication reported: 'Configuring SSL for the client'
2017-05-04T09:58:24.524325Z 0 [Note] Plugin group_replication reported: 'Initializing SSL with key_file: 'server-key.pem'  cert_file: 'server-cert.pem'  ca_file: 'ca.pem'  ca_path: 'NULL''
2017-05-04T09:58:24.524328Z 0 [Note] Plugin group_replication reported: 'Additional SSL configuration is cipher: '' crl_file: 'NULL' crl_path: 'NULL''
2017-05-04T09:58:24.524393Z 0 [Note] Plugin group_replication reported: 'Success initializing SSL'
2017-05-04T09:58:24.524415Z 6 [Note] Plugin group_replication reported: 'Initialized group communication with configuration: group_replication_group_name: "36831435-30b0-11e7-ad4b-0242ac110002"; group_replication_local_address: "172.17.0.2:13306"; group_replication_group_seeds: ""; group_replication_bootstrap_group: true; group_replication_poll_spin_loops: 0; group_replication_compression_threshold: 1000000; group_replication_ip_whitelist: "AUTOMATIC"'
2017-05-04T09:58:24.533135Z 9 [Note] 'CHANGE MASTER TO FOR CHANNEL 'group_replication_applier' executed'. Previous state master_host='', master_port= 3306, master_log_file='', master_log_pos= 4, master_bind=''. New state master_host='<NULL>', master_port= 0, master_log_file='', master_log_pos= 4, master_bind=''.
2017-05-04T09:58:24.549852Z 6 [Note] Plugin group_replication reported: 'Group Replication applier module successfully initialized!'
2017-05-04T09:58:24.549871Z 6 [Note] Plugin group_replication reported: 'auto_increment_increment is set to 7'
2017-05-04T09:58:24.549875Z 6 [Note] Plugin group_replication reported: 'auto_increment_offset is set to 2295337528'
2017-05-04T09:58:24.549953Z 12 [Note] Slave SQL thread for channel 'group_replication_applier' initialized, starting replication in log 'FIRST' at position 0, relay log './ubuntu-relay-bin-group_replication_applier.000001' position: 4
2017-05-04T09:58:24.550326Z 0 [Note] Plugin group_replication reported: 'state 0 action xa_init'
2017-05-04T09:58:24.563564Z 0 [Note] Plugin group_replication reported: 'Successfully bound to 0.0.0.0:13306 (socket=92).'
2017-05-04T09:58:24.563593Z 0 [Note] Plugin group_replication reported: 'Successfully set listen backlog to 32 (socket=92)!'
2017-05-04T09:58:24.563604Z 0 [Note] Plugin group_replication reported: 'Successfully unblocked socket (socket=92)!'
2017-05-04T09:58:24.563628Z 0 [Note] Plugin group_replication reported: 'connecting to 172.17.0.2 13306'
2017-05-04T09:58:24.563692Z 0 [Note] Plugin group_replication reported: 'client connected to 172.17.0.2 13306 fd 94'
2017-05-04T09:58:24.563738Z 0 [Note] Plugin group_replication reported: 'Trying to connect using SSL.'
2017-05-04T09:58:24.563779Z 0 [Note] Plugin group_replication reported: 'Ready to accept incoming connections on 0.0.0.0:13306 (socket=92)!'
2017-05-04T09:58:24.563805Z 0 [Warning] Plugin group_replication reported: '[GCS] Connection attempt from IP address 172.17.0.2 refused. Address is not in the IP whitelist.'
2017-05-04T09:58:24.563823Z 0 [Note] Plugin group_replication reported: 'Error connecting using SSL 2000114 114.'
2017-05-04T09:58:25.564231Z 0 [Note] Plugin group_replication reported: 'connecting to 172.17.0.2 13306'
2017-05-04T09:58:25.564497Z 0 [Note] Plugin group_replication reported: 'client connected to 172.17.0.2 13306 fd 94'
2017-05-04T09:58:25.564628Z 0 [Note] Plugin group_replication reported: 'Trying to connect using SSL.'
2017-05-04T09:58:25.564919Z 0 [Warning] Plugin group_replication reported: '[GCS] Connection attempt from IP address 172.17.0.2 refused. Address is not in the IP whitelist.'
2017-05-04T09:58:25.565022Z 0 [Note] Plugin group_replication reported: 'Error connecting using SSL 2000114 114.'
2017-05-04T09:58:26.565486Z 0 [Note] Plugin group_replication reported: 'connecting to 172.17.0.2 13306'
2017-05-04T09:58:26.565765Z 0 [Note] Plugin group_replication reported: 'client connected to 172.17.0.2 13306 fd 95'
2017-05-04T09:58:26.565900Z 0 [Note] Plugin group_replication reported: 'Trying to connect using SSL.'
2017-05-04T09:58:26.566116Z 0 [Warning] Plugin group_replication reported: '[GCS] Connection attempt from IP address 172.17.0.2 refused. Address is not in the IP whitelist.'
2017-05-04T09:58:26.566298Z 0 [Note] Plugin group_replication reported: 'Error connecting using SSL 2000114 114.'
2017-05-04T09:58:27.567081Z 0 [Note] Plugin group_replication reported: 'connecting to 172.17.0.2 13306'
2017-05-04T09:58:27.567361Z 0 [Note] Plugin group_replication reported: 'client connected to 172.17.0.2 13306 fd 95'
2017-05-04T09:58:27.567497Z 0 [Note] Plugin group_replication reported: 'Trying to connect using SSL.'
2017-05-04T09:58:27.567634Z 0 [Warning] Plugin group_replication reported: '[GCS] Connection attempt from IP address 172.17.0.2 refused. Address is not in the IP whitelist.'
2017-05-04T09:58:27.567819Z 0 [Note] Plugin group_replication reported: 'Error connecting using SSL 2000114 114.'
2017-05-04T09:58:28.568034Z 0 [Note] Plugin group_replication reported: 'connecting to 172.17.0.2 13306'
2017-05-04T09:58:28.568335Z 0 [Note] Plugin group_replication reported: 'client connected to 172.17.0.2 13306 fd 95'
2017-05-04T09:58:28.568468Z 0 [Note] Plugin group_replication reported: 'Trying to connect using SSL.'
2017-05-04T09:58:28.568606Z 0 [Warning] Plugin group_replication reported: '[GCS] Connection attempt from IP address 172.17.0.2 refused. Address is not in the IP whitelist.'
2017-05-04T09:58:28.568712Z 0 [Note] Plugin group_replication reported: 'Error connecting using SSL 2000114 114.'
2017-05-04T09:58:29.568928Z 0 [Note] Plugin group_replication reported: 'connecting to 172.17.0.2 13306'
2017-05-04T09:58:29.569224Z 0 [Warning] Plugin group_replication reported: '[GCS] Connection attempt from IP address 172.17.0.2 refused. Address is not in the IP whitelist.'
2017-05-04T09:58:29.569322Z 0 [Note] Plugin group_replication reported: 'client connected to 172.17.0.2 13306 fd 95'
2017-05-04T09:58:29.569444Z 0 [Note] Plugin group_replication reported: 'Trying to connect using SSL.'
2017-05-04T09:58:29.569543Z 0 [Note] Plugin group_replication reported: 'Error connecting using SSL 2000114 114.'
2017-05-04T09:58:30.569740Z 0 [Note] Plugin group_replication reported: 'connecting to 172.17.0.2 13306'
2017-05-04T09:58:30.570063Z 0 [Warning] Plugin group_replication reported: '[GCS] Connection attempt from IP address 172.17.0.2 refused. Address is not in the IP whitelist.'
2017-05-04T09:58:30.570162Z 0 [Note] Plugin group_replication reported: 'client connected to 172.17.0.2 13306 fd 95'
2017-05-04T09:58:30.570282Z 0 [Note] Plugin group_replication reported: 'Trying to connect using SSL.'
2017-05-04T09:58:30.570466Z 0 [Note] Plugin group_replication reported: 'Error connecting using SSL 2000114 114.'
2017-05-04T09:58:31.570646Z 0 [Note] Plugin group_replication reported: 'connecting to 172.17.0.2 13306'
2017-05-04T09:58:31.570997Z 0 [Warning] Plugin group_replication reported: '[GCS] Connection attempt from IP address 172.17.0.2 refused. Address is not in the IP whitelist.'
2017-05-04T09:58:31.571100Z 0 [Note] Plugin group_replication reported: 'client connected to 172.17.0.2 13306 fd 95'
2017-05-04T09:58:31.571224Z 0 [Note] Plugin group_replication reported: 'Trying to connect using SSL.'
2017-05-04T09:58:31.571322Z 0 [Note] Plugin group_replication reported: 'Error connecting using SSL 2000114 114.'
2017-05-04T09:58:32.571543Z 0 [Note] Plugin group_replication reported: 'connecting to 172.17.0.2 13306'
2017-05-04T09:58:32.572552Z 0 [Warning] Plugin group_replication reported: '[GCS] Connection attempt from IP address 172.17.0.2 refused. Address is not in the IP whitelist.'
2017-05-04T09:58:32.572840Z 0 [Note] Plugin group_replication reported: 'client connected to 172.17.0.2 13306 fd 95'
2017-05-04T09:58:32.573307Z 0 [Note] Plugin group_replication reported: 'Trying to connect using SSL.'
2017-05-04T09:58:32.573740Z 0 [Note] Plugin group_replication reported: 'Error connecting using SSL 2000114 114.'
2017-05-04T09:58:33.573878Z 0 [Note] Plugin group_replication reported: 'connecting to 172.17.0.2 13306'
2017-05-04T09:58:33.574173Z 0 [Warning] Plugin group_replication reported: '[GCS] Connection attempt from IP address 172.17.0.2 refused. Address is not in the IP whitelist.'
2017-05-04T09:58:33.574271Z 0 [Note] Plugin group_replication reported: 'client connected to 172.17.0.2 13306 fd 95'
2017-05-04T09:58:33.574393Z 0 [Note] Plugin group_replication reported: 'Trying to connect using SSL.'
2017-05-04T09:58:33.574491Z 0 [Note] Plugin group_replication reported: 'Error connecting using SSL 2000114 114.'
2017-05-04T09:58:34.574723Z 0 [Note] Plugin group_replication reported: 'connecting to 172.17.0.2 13306'
2017-05-04T09:58:34.575023Z 0 [Warning] Plugin group_replication reported: '[GCS] Connection attempt from IP address 172.17.0.2 refused. Address is not in the IP whitelist.'
2017-05-04T09:58:34.575122Z 0 [Note] Plugin group_replication reported: 'client connected to 172.17.0.2 13306 fd 95'
2017-05-04T09:58:34.575313Z 0 [Note] Plugin group_replication reported: 'Trying to connect using SSL.'
2017-05-04T09:58:34.575428Z 0 [Note] Plugin group_replication reported: 'Error connecting using SSL 2000114 114.'
2017-05-04T09:58:34.575488Z 0 [ERROR] Plugin group_replication reported: '[GCS] Error connecting to the local group communication engine instance.'
2017-05-04T09:58:34.575505Z 0 [Note] Plugin group_replication reported: 'state 4257 action xa_exit'
2017-05-04T09:58:34.575615Z 0 [Note] Plugin group_replication reported: 'Exiting xcom thread'
2017-05-04T09:58:35.602250Z 0 [ERROR] Plugin group_replication reported: '[GCS] The member was unable to join the group. Local port: 13306'
2017-05-04T09:59:24.550020Z 6 [ERROR] Plugin group_replication reported: 'Timeout on wait for view after joining group'
2017-05-04T09:59:24.550180Z 6 [Note] Plugin group_replication reported: 'Requesting to leave the group despite of not being a member'
2017-05-04T09:59:24.550221Z 6 [ERROR] Plugin group_replication reported: '[GCS] The member is leaving a group without being on one.'
2017-05-04T09:59:24.550272Z 0 [Note] Plugin group_replication reported: 'Destroying SSL'
2017-05-04T09:59:24.550299Z 0 [Note] Plugin group_replication reported: 'Success destroying SSL'
2017-05-04T09:59:24.550418Z 6 [Note] Plugin group_replication reported: 'auto_increment_increment is reset to 1'
2017-05-04T09:59:24.550460Z 6 [Note] Plugin group_replication reported: 'auto_increment_offset is reset to 1'
2017-05-04T09:59:24.550738Z 12 [Note] Error reading relay log event for channel 'group_replication_applier': slave SQL thread was killed
2017-05-04T09:59:24.556135Z 9 [Note] Plugin group_replication reported: 'The group replication applier thread was killed'
2017-05-04T09:59:40.013411Z 4 [Note] Aborted connection 4 to db: 'mysql_innodb_cluster_metadata' user: 'root' host: 'ubuntu' (Got an error reading communication packets)
